v: 1, h : 0
vertical: 28, 1 / horizontal: 8, 1
v: 0, h : 0
vertical: 28, 1 / horizontal: 17, 1
v: 0, h : 1
vertical: 16, 1 / horizontal: 15, 1
v: 1, h : 1
vertical: 27, 1 / horizontal: 23, 1
v: 1, h : 0
vertical: 25, 1 / horizontal: 25, 1
v: 0, h : 1
vertical: 5, 1 / horizontal: 20, 1
v: 0, h : 0
vertical: 12, 1 / horizontal: 19, 1
v: 1, h : 0
vertical: 19, 1 / horizontal: 10, 1
v: 0, h : 1
vertical: 27, 1 / horizontal: 25, 1
v: 1, h : 0
vertical: 3, 1 / horizontal: 8, 1
v: 1, h : 1
vertical: 16, 1 / horizontal: 16, 1
v: 0, h : 1
vertical: 20, 1 / horizontal: 4, 1
v: 1, h : 0
vertical: 11, 1 / horizontal: 24, 1
v: 0, h : 0
vertical: 13, 1 / horizontal: 13, 1
v: 1, h : 1
vertical: 20, 1 / horizontal: 3, 1
v: 1, h : 0
vertical: 11, 1 / horizontal: 11, 1
v: 1, h : 1
vertical: 19, 1 / horizontal: 0, 1
v: 1, h : 1
vertical: 22, 1 / horizontal: 17, 1
v: 1, h : 0
vertical: 9, 1 / horizontal: 9, 1
v: 0, h : 0
vertical: 17, 1 / horizontal: 3, 1
