Test Case No:1
(0,0,[0,0]/0,0,[0,0]/0,0,[0,0]/0,0,[0,0]/0,0,[0,0]/0,0,[0,0]/0,0,[0,0]/0,0,[0,0]/0,0,[0,0]/) (0,99999999,[0,0]/1,3,[0,0]/0,99999999,[0,0]/0,99999999,[0,0]/0,99999999,[0,0]/0,99999999,[0,0]/0,99999999,[0,0]/0,99999999,[0,0]/0,99999999,[0,0]/) (0,99999999,[0,0]/1,10,[0,1]/0,99999999,[0,0]/0,99999999,[0,0]/0,99999999,[0,0]/0,99999999,[0,0]/0,99999999,[0,0]/0,99999999,[0,0]/0,99999999,[0,0]/) (0,99999999,[0,0]/0,99999999,[0,0]/1,18,[0,2]/0,99999999,[0,0]/0,99999999,[0,0]/0,99999999,[0,0]/0,99999999,[0,0]/0,99999999,[0,0]/0,99999999,[0,0]/) (0,99999999,[0,0]/0,99999999,[0,0]/0,99999999,[0,0]/1,27,[0,3]/0,99999999,[0,0]/0,99999999,[0,0]/0,99999999,[0,0]/0,99999999,[0,0]/0,99999999,[0,0]/) (0,99999999,[0,0]/0,99999999,[0,0]/0,99999999,[0,0]/1,31,[0,4]/0,99999999,[0,0]/0,99999999,[0,0]/0,99999999,[0,0]/0,99999999,[0,0]/0,99999999,[0,0]/) (0,99999999,[0,0]/0,99999999,[0,0]/0,99999999,[0,0]/1,37,[0,5]/0,99999999,[0,0]/0,99999999,[0,0]/0,99999999,[0,0]/0,99999999,[0,0]/0,99999999,[0,0]/) 
(0,99999999,[0,0]/1,3,[0,0]/0,99999999,[0,0]/0,99999999,[0,0]/0,99999999,[0,0]/0,99999999,[0,0]/0,99999999,[0,0]/0,99999999,[0,0]/0,99999999,[0,0]/) (0,99999999,[1,0]/0,99999999,[1,0]/2,4,[1,0]/0,99999999,[1,0]/0,99999999,[1,0]/0,99999999,[1,0]/0,99999999,[1,0]/0,99999999,[1,0]/0,99999999,[1,0]/) (0,99999999,[1,1]/1,13,[0,2]/2,6,[1,1]/0,99999999,[1,1]/0,99999999,[1,1]/0,99999999,[1,1]/0,99999999,[1,1]/0,99999999,[1,1]/0,99999999,[1,1]/) (0,99999999,[1,2]/1,14,[1,2]/3,7,[1,2]/0,99999999,[1,2]/0,99999999,[1,2]/0,99999999,[1,2]/0,99999999,[1,2]/0,99999999,[1,2]/0,99999999,[1,2]/) (0,99999999,[1,3]/1,17,[1,3]/3,10,[1,3]/1,32,[0,4]/0,99999999,[1,3]/0,99999999,[1,3]/0,99999999,[1,3]/0,99999999,[1,3]/0,99999999,[1,3]/) (0,99999999,[1,4]/1,18,[1,4]/3,11,[1,4]/2,33,[1,4]/0,99999999,[1,4]/0,99999999,[1,4]/0,99999999,[1,4]/0,99999999,[1,4]/0,99999999,[1,4]/) (0,99999999,[0,6]/1,27,[1,5]/3,20,[1,5]/3,40,[0,6]/0,99999999,[0,6]/0,99999999,[0,6]/0,99999999,[0,6]/0,99999999,[0,6]/0,99999999,[0,6]/) 
(0,99999999,[0,0]/1,12,[1,0]/0,99999999,[0,0]/0,99999999,[0,0]/0,99999999,[0,0]/0,99999999,[0,0]/0,99999999,[0,0]/0,99999999,[0,0]/0,99999999,[0,0]/) (0,99999999,[1,1]/1,17,[2,0]/2,6,[1,1]/0,99999999,[1,1]/0,99999999,[1,1]/0,99999999,[1,1]/0,99999999,[1,1]/0,99999999,[1,1]/0,99999999,[1,1]/) (0,99999999,[1,2]/0,99999999,[1,2]/2,18,[1,2]/4,11,[1,2]/0,99999999,[1,2]/0,99999999,[1,2]/0,99999999,[1,2]/0,99999999,[1,2]/0,99999999,[1,2]/) (0,99999999,[1,3]/1,16,[1,3]/5,9,[1,3]/4,14,[2,2]/0,99999999,[1,3]/0,99999999,[1,3]/0,99999999,[1,3]/0,99999999,[1,3]/0,99999999,[1,3]/) (0,99999999,[2,3]/0,99999999,[2,3]/2,20,[2,3]/8,13,[2,3]/5,18,[2,3]/0,99999999,[2,3]/0,99999999,[2,3]/0,99999999,[2,3]/0,99999999,[2,3]/) (0,99999999,[1,5]/1,21,[1,5]/5,14,[1,5]/10,21,[2,4]/5,26,[2,4]/0,99999999,[1,5]/0,99999999,[1,5]/0,99999999,[1,5]/0,99999999,[1,5]/) (0,99999999,[2,5]/2,23,[2,5]/8,16,[2,5]/13,23,[2,5]/5,28,[2,5]/0,99999999,[2,5]/0,99999999,[2,5]/0,99999999,[2,5]/0,99999999,[2,5]/) 
(0,99999999,[0,0]/1,14,[2,0]/0,99999999,[0,0]/0,99999999,[0,0]/0,99999999,[0,0]/0,99999999,[0,0]/0,99999999,[0,0]/0,99999999,[0,0]/0,99999999,[0,0]/) (0,99999999,[2,1]/2,16,[3,0]/2,7,[2,1]/0,99999999,[2,1]/0,99999999,[2,1]/0,99999999,[2,1]/0,99999999,[2,1]/0,99999999,[2,1]/0,99999999,[2,1]/) (0,99999999,[2,2]/2,25,[3,1]/4,16,[3,1]/4,18,[2,2]/0,99999999,[2,2]/0,99999999,[2,2]/0,99999999,[2,2]/0,99999999,[2,2]/0,99999999,[2,2]/) (0,99999999,[2,3]/3,22,[2,3]/9,15,[2,3]/8,20,[2,3]/0,99999999,[2,3]/0,99999999,[2,3]/0,99999999,[2,3]/0,99999999,[2,3]/0,99999999,[2,3]/) (0,99999999,[3,3]/3,23,[3,3]/11,16,[3,3]/16,14,[2,4]/5,19,[2,4]/0,99999999,[3,3]/0,99999999,[3,3]/0,99999999,[3,3]/0,99999999,[3,3]/) (0,99999999,[3,4]/4,24,[2,5]/16,17,[2,5]/26,17,[3,4]/10,22,[3,4]/0,99999999,[3,4]/0,99999999,[3,4]/0,99999999,[3,4]/0,99999999,[3,4]/) (0,99999999,[2,6]/6,25,[2,6]/24,18,[2,6]/39,24,[3,5]/15,29,[3,5]/0,99999999,[2,6]/0,99999999,[2,6]/0,99999999,[2,6]/0,99999999,[2,6]/) 
k:1 count:6 cost:25
(0,0)->(0,1)->(0,2)->(1,2)->(1,3)->(1,4)->(1,5)->(2,5)->(2,6)->(3,6)
k:2 count:24 cost:18
(0,0)->(1,0)->(1,1)->(1,2)->(1,3)->(1,4)->(1,5)->(2,5)->(2,6)->(3,6)
k:3 count:39 cost:24
(0,0)->(1,0)->(1,1)->(1,2)->(1,3)->(2,3)->(2,4)->(3,4)->(3,5)->(3,6)
k:4 count:15 cost:29
(0,0)->(1,0)->(1,1)->(1,2)->(2,2)->(2,3)->(2,4)->(3,4)->(3,5)->(3,6)

Test Case No:2
(0,0,[0,0]/0,0,[0,0]/) (1,1,[0,0]/0,99999999,[0,0]/) (1,2,[0,1]/0,99999999,[0,1]/) (1,3,[0,2]/0,99999999,[0,0]/) 
(1,1,[0,0]/0,99999999,[0,0]/) (2,2,[1,0]/0,99999999,[1,0]/) (3,3,[1,1]/0,99999999,[1,1]/) (4,4,[1,2]/0,99999999,[1,2]/) 
(1,2,[1,0]/0,99999999,[1,0]/) (3,3,[2,0]/0,99999999,[2,0]/) (6,4,[2,1]/0,99999999,[2,1]/) (10,5,[2,2]/0,99999999,[2,2]/) 
k:0 count:10 cost:5
(0,0)->(1,0)->(2,0)->(2,1)->(2,2)->(2,3)

Test Case No:3
(0,0,[0,0]/0,0,[0,0]/0,0,[0,0]/0,0,[0,0]/0,0,[0,0]/0,0,[0,0]/0,0,[0,0]/) (0,99999999,[0,0]/1,6,[0,0]/0,99999999,[0,0]/0,99999999,[0,0]/0,99999999,[0,0]/0,99999999,[0,0]/0,99999999,[0,0]/) (0,99999999,[0,1]/1,15,[0,1]/0,99999999,[0,0]/0,99999999,[0,0]/0,99999999,[0,0]/0,99999999,[0,0]/0,99999999,[0,0]/) (0,99999999,[0,2]/1,23,[0,2]/0,99999999,[0,2]/0,99999999,[0,0]/0,99999999,[0,0]/0,99999999,[0,0]/0,99999999,[0,0]/) (0,99999999,[0,0]/1,32,[0,3]/0,99999999,[0,0]/0,99999999,[0,3]/0,99999999,[0,0]/0,99999999,[0,0]/0,99999999,[0,0]/) (0,99999999,[0,0]/1,36,[0,4]/0,99999999,[0,0]/0,99999999,[0,4]/0,99999999,[0,0]/0,99999999,[0,0]/0,99999999,[0,0]/) (0,99999999,[0,0]/1,42,[0,5]/0,99999999,[0,0]/0,99999999,[0,5]/0,99999999,[0,0]/0,99999999,[0,0]/0,99999999,[0,0]/) 
(0,99999999,[0,0]/1,6,[0,0]/0,99999999,[0,0]/0,99999999,[0,0]/0,99999999,[0,0]/0,99999999,[0,0]/0,99999999,[0,0]/) (0,99999999,[1,0]/2,7,[1,0]/0,99999999,[1,0]/0,99999999,[1,0]/0,99999999,[1,0]/0,99999999,[1,0]/0,99999999,[1,0]/) (0,99999999,[0,2]/3,14,[1,1]/0,99999999,[0,2]/0,99999999,[0,2]/0,99999999,[0,2]/0,99999999,[0,2]/0,99999999,[0,2]/) (0,99999999,[0,3]/4,22,[1,2]/0,99999999,[0,3]/0,99999999,[0,3]/0,99999999,[0,3]/0,99999999,[0,3]/0,99999999,[0,3]/) (0,99999999,[1,3]/5,25,[1,3]/0,99999999,[1,3]/0,99999999,[1,3]/0,99999999,[1,3]/0,99999999,[1,3]/0,99999999,[1,3]/) (0,99999999,[1,4]/6,32,[1,4]/0,99999999,[1,4]/0,99999999,[1,4]/0,99999999,[1,4]/0,99999999,[1,4]/0,99999999,[1,4]/) (0,99999999,[0,6]/7,41,[1,5]/0,99999999,[0,6]/0,99999999,[0,6]/0,99999999,[0,6]/0,99999999,[0,6]/0,99999999,[0,6]/) 
(0,99999999,[1,0]/1,15,[1,0]/0,99999999,[0,0]/0,99999999,[0,0]/0,99999999,[0,0]/0,99999999,[0,0]/0,99999999,[0,0]/) (0,99999999,[1,1]/3,9,[1,1]/0,99999999,[1,1]/0,99999999,[1,1]/0,99999999,[1,1]/0,99999999,[1,1]/0,99999999,[1,1]/) (0,99999999,[1,2]/0,99999999,[1,2]/6,15,[2,1]/0,99999999,[1,2]/0,99999999,[1,2]/0,99999999,[1,2]/0,99999999,[1,2]/) (0,99999999,[1,3]/4,24,[1,3]/6,18,[2,2]/0,99999999,[1,3]/0,99999999,[1,3]/0,99999999,[1,3]/0,99999999,[1,3]/) (0,99999999,[2,3]/9,28,[2,3]/6,22,[2,3]/0,99999999,[2,3]/0,99999999,[2,3]/0,99999999,[2,3]/0,99999999,[2,3]/) (0,99999999,[2,4]/15,36,[2,4]/6,30,[2,4]/0,99999999,[2,4]/0,99999999,[2,4]/0,99999999,[2,4]/0,99999999,[2,4]/) (0,99999999,[2,5]/0,99999999,[2,5]/22,38,[2,5]/6,32,[2,5]/0,99999999,[2,5]/0,99999999,[2,5]/0,99999999,[2,5]/) 
(0,99999999,[0,0]/1,17,[2,0]/0,99999999,[0,0]/0,99999999,[0,0]/0,99999999,[0,0]/0,99999999,[0,0]/0,99999999,[0,0]/) (0,99999999,[3,0]/4,18,[2,1]/0,99999999,[3,0]/0,99999999,[3,0]/0,99999999,[3,0]/0,99999999,[3,0]/0,99999999,[3,0]/) (0,99999999,[2,2]/4,27,[3,1]/6,21,[2,2]/0,99999999,[2,2]/0,99999999,[2,2]/0,99999999,[2,2]/0,99999999,[2,2]/) (0,99999999,[2,3]/8,30,[2,3]/12,24,[2,3]/0,99999999,[2,3]/0,99999999,[2,3]/0,99999999,[2,3]/0,99999999,[2,3]/) (0,99999999,[3,3]/17,29,[2,4]/18,23,[2,4]/0,99999999,[3,3]/0,99999999,[3,3]/0,99999999,[3,3]/0,99999999,[3,3]/) (0,99999999,[3,4]/0,99999999,[3,4]/32,32,[3,4]/24,26,[3,4]/0,99999999,[3,4]/0,99999999,[3,4]/0,99999999,[3,4]/) (0,99999999,[2,6]/0,99999999,[2,6]/54,39,[3,5]/30,33,[3,5]/0,99999999,[2,6]/0,99999999,[2,6]/0,99999999,[2,6]/) 
k:2 count:54 cost:39
(0,0)->(1,0)->(1,1)->(1,2)->(1,3)->(2,3)->(2,4)->(3,4)->(3,5)->(3,6)
k:3 count:30 cost:33
(0,0)->(1,0)->(1,1)->(1,2)->(2,2)->(2,3)->(2,4)->(3,4)->(3,5)->(3,6)

